Build started 25.01.2015 23:50:34.
     1>Project "C:\Users\key\Documents\юниверсити\Jagger\Jagger\Jagger.vcxproj" on node 3 (build target(s)).
     1>InitializeBuildStatus:
         Touching "Debug\Jagger.unsuccessfulbuild".
       ClCompile:
         C:\Program Files (x86)\Microsoft Visual Studio 10.0\VC\bin\CL.exe /c /ZI /nologo /W3 /WX- /Od /Oy- /D _MBCS /Gm /EHsc /RTC1 /MDd /GS /fp:precise /Zc:wchar_t /Zc:forScope /Fo"Debug\\" /Fd"Debug\vc100.pdb" /Gd /TC /analyze- /errorReport:prompt main.c
         main.c
     1>c:\users\key\documents\юниверсити\jagger\jagger\main.c(30): warning C4996: 'strcpy': This function or variable may be unsafe. Consider using strcpy_s instead. To disable deprecation, use _CRT_SECURE_NO_WARNINGS. See online help for details.
                 c:\program files (x86)\microsoft visual studio 10.0\vc\include\string.h(105) : see declaration of 'strcpy'
     1>c:\users\key\documents\юниверсити\jagger\jagger\main.c(56): warning C4013: 'sendout' undefined; assuming extern returning int
     1>c:\users\key\documents\юниверсити\jagger\jagger\main.c(92): error C2143: syntax error : missing ';' before 'type'
     1>c:\users\key\documents\юниверсити\jagger\jagger\main.c(94): error C2065: 'i' : undeclared identifier
     1>c:\users\key\documents\юниверсити\jagger\jagger\main.c(94): error C2065: 'i' : undeclared identifier
     1>c:\users\key\documents\юниверсити\jagger\jagger\main.c(96): error C2065: 'i' : undeclared identifier
     1>c:\users\key\documents\юниверсити\jagger\jagger\main.c(99): error C2065: 'i' : undeclared identifier
     1>c:\users\key\documents\юниверсити\jagger\jagger\main.c(100): warning C4013: 'b64_decode' undefined; assuming extern returning int
     1>c:\users\key\documents\юниверсити\jagger\jagger\main.c(103): error C2065: 'i' : undeclared identifier
     1>c:\users\key\documents\юниверсити\jagger\jagger\main.c(103): error C2065: 'i' : undeclared identifier
     1>c:\users\key\documents\юниверсити\jagger\jagger\main.c(103): error C2065: 'i' : undeclared identifier
     1>c:\users\key\documents\юниверсити\jagger\jagger\main.c(105): error C2065: 'nonce' : undeclared identifier
     1>c:\users\key\documents\юниверсити\jagger\jagger\main.c(105): error C2065: 'i' : undeclared identifier
     1>c:\users\key\documents\юниверсити\jagger\jagger\main.c(105): error C2109: subscript requires array or pointer type
     1>c:\users\key\documents\юниверсити\jagger\jagger\main.c(105): error C2065: 'i' : undeclared identifier
     1>c:\users\key\documents\юниверсити\jagger\jagger\main.c(107): error C2065: 'nonce' : undeclared identifier
     1>c:\users\key\documents\юниверсити\jagger\jagger\main.c(107): error C2065: 'i' : undeclared identifier
     1>c:\users\key\documents\юниверсити\jagger\jagger\main.c(107): error C2109: subscript requires array or pointer type
     1>c:\users\key\documents\юниверсити\jagger\jagger\main.c(111): warning C4013: 'str2md5' undefined; assuming extern returning int
     1>c:\users\key\documents\юниверсити\jagger\jagger\main.c(111): warning C4047: '=' : 'char *' differs in levels of indirection from 'int'
     1>c:\users\key\documents\юниверсити\jagger\jagger\main.c(113): error C2065: 'nonce' : undeclared identifier
     1>c:\users\key\documents\юниверсити\jagger\jagger\main.c(117): error C2065: 'nonce' : undeclared identifier
     1>c:\users\key\documents\юниверсити\jagger\jagger\main.c(164): error C2084: function 'int sendout(char *)' already has a body
     1>c:\users\key\documents\юниверсити\jagger\jagger\main.c(218): warning C4013: 'login' undefined; assuming extern returning int
     1>c:\users\key\documents\юниверсити\jagger\jagger\main.c(219): warning C4013: 'flapon' undefined; assuming extern returning int
     1>c:\users\key\documents\юниверсити\jagger\jagger\main.c(220): warning C4013: 'toc_signon' undefined; assuming extern returning int
     1>c:\users\key\documents\юниверсити\jagger\jagger\main.c(221): warning C4013: 'toc_init_done' undefined; assuming extern returning int
     1>c:\users\key\documents\юниверсити\jagger\jagger\main.c(227): warning C4013: 'choose_command' undefined; assuming extern returning int
     1>Done Building Project "C:\Users\key\Documents\юниверсити\Jagger\Jagger\Jagger.vcxproj" (build target(s)) -- FAILED.

Build FAILED.

Time Elapsed 00:00:00.76
